<?xml version="1.0" encoding="UTF-8"?>
<!-- Generated by org.testng.reporters.JUnitXMLReporter -->
<testsuite ignored="0" hostname="DESKTOP-R0LQ317" failures="0" tests="4" name="Test" time="91.933" errors="0" timestamp="2024-08-08T17:37:58 IST">
  <testcase classname="com.crm.TestCase.Testcaseno8" name="contactcreate" time="15.81"/>
  <testcase classname="com.crm.TestCase.TestCaseNo1" name="testCase1" time="6.599"/>
  <testcase classname="com.crm.TestCase.TestcaseNo6" name="createOrganization" time="12.149"/>
  <testcase classname="com.crm.TestCase.Task5_RemoveHighestPriceProduct" name="highestPrice" time="9.825"/>
</testsuite> <!-- Test -->
